<?xml version="1.0" encoding="UTF-8"?>
<!-- Generated by org.testng.reporters.JUnitReportReporter -->
<testsuite hostname="PUNamandhare1DLVCG.local" failures="0" tests="5" name="Test.day4" time="0.008" errors="0" timestamp="2020-07-04T17:01:08 IST" skipped="0">
  <testcase classname="Test.day4" name="WebHOmeLogin" time="0.000"/>
  <system-out/>
  <testcase classname="Test.day4" name="WebHOmeLogin" time="0.001"/>
  <system-out/>
  <testcase classname="Test.day4" name="WebHOmeLogin" time="0.002"/>
  <system-out/>
  <testcase classname="Test.day4" name="MobileHOmeLogin" time="0.001"/>
  <system-out/>
  <testcase classname="Test.day4" name="LoginHOmeAPI" time="0.004"/>
  <system-out/>
</testsuite> <!-- Test.day4 -->
