<?xml version="1.0" encoding="UTF-8"?>
<!-- Generated by org.testng.reporters.JUnitReportReporter -->
<testsuite hostname="PUNamandhare1DLVCG.local" failures="0" tests="3" name="Test.day3" time="0.003" errors="0" timestamp="2020-07-04T17:01:08 IST" skipped="1">
  <testcase classname="Test.day3" name="WebLogin" time="0.002"/>
  <system-out/>
  <testcase classname="Test.day3" name="LoginAPI" time="0.001"/>
  <system-out/>
  <testcase classname="Test.day3" name="Mobilsignin">
    <skipped/>
  </testcase> <!-- Mobilsignin -->
  <system-out/>
</testsuite> <!-- Test.day3 -->
