<?xml version="1.0" encoding="UTF-8"?>
<!-- Generated by org.testng.reporters.JUnitReportReporter -->
<testsuite hostname="PUNamandhare1DLVCG.local" failures="0" tests="1" name="TESt.Basic1" time="0.002" errors="0" timestamp="2020-07-04T11:49:24 IST" skipped="0">
  <testcase classname="TESt.Basic1" name="purchase" time="0.002"/>
  <system-out/>
</testsuite> <!-- TESt.Basic1 -->
