<?xml version="1.0" encoding="UTF-8"?>
<!-- Generated by org.testng.reporters.JUnitReportReporter -->
<testsuite hostname="PUNamandhare1DLVCG.local" failures="0" tests="1" name="Test.day2" time="0.000" errors="0" timestamp="2020-07-04T17:01:08 IST" skipped="0">
  <testcase classname="Test.day2" name="purchase" time="0.000"/>
  <system-out/>
</testsuite> <!-- Test.day2 -->
