<?xml version="1.0" encoding="UTF-8"?>
<!-- Generated by org.testng.reporters.JUnitReportReporter -->
<testsuite hostname="PUNamandhare1DLVCG.local" failures="0" tests="2" name="TESt.basic" time="0.006" errors="0" timestamp="2020-07-04T11:49:24 IST" skipped="0">
  <testcase classname="TESt.basic" name="demo2" time="0.001"/>
  <system-out/>
  <testcase classname="TESt.basic" name="demo" time="0.005"/>
  <system-out/>
</testsuite> <!-- TESt.basic -->
