<?xml version="1.0" encoding="UTF-8"?>
<!-- Generated by org.testng.reporters.JUnitReportReporter -->
<testsuite hostname="amandhare-C02XN230JG5M.local" failures="0" tests="2" name="Anotations.facebooklogin" time="0.008" errors="0" timestamp="23 Feb 2021 13:35:17 GMT" skipped="0">
  <testcase classname="Anotations.facebooklogin" name="loginwithinvalidcredetials" time="0.008"/>
  <testcase classname="Anotations.facebooklogin" name="loginwithvalidcredetials" time="0.000"/>
</testsuite> <!-- Anotations.facebooklogin -->
