<?xml version="1.0" encoding="UTF-8"?>
<!-- Generated by org.testng.reporters.JUnitReportReporter -->
<testsuite hostname="amandhare-C02XN230JG5M.local" failures="0" tests="2" name="Anotations.facebookloginprofile" time="0.000" errors="0" timestamp="23 Feb 2021 13:35:17 GMT" skipped="0">
  <testcase classname="Anotations.facebookloginprofile" name="loginwithvalidcredetialsprofile" time="0.000"/>
  <testcase classname="Anotations.facebookloginprofile" name="profilecheck" time="0.000"/>
</testsuite> <!-- Anotations.facebookloginprofile -->
